<?xml version="1.0" encoding="UTF-8"?>
<!-- Generated by org.testng.reporters.JUnitReportReporter -->
<testsuite hostname="LAPTOP-GAUPM6CM" failures="0" tests="1" name="regression.ValidateLoginUsingDataProviderExcel" time="10.204" errors="0" timestamp="2024-05-29T21:32:26 IST" skipped="0">
  <testcase classname="regression.ValidateLoginUsingDataProviderExcel" name="validateLogin" time="10.204"/>
</testsuite> <!-- regression.ValidateLoginUsingDataProviderExcel -->
