<?xml version="1.0" encoding="UTF-8"?>
<!-- Generated by org.testng.reporters.JUnitReportReporter -->
<testsuite hostname="LAPTOP-GAUPM6CM" failures="0" tests="4" name="regression.ValidateLogin" time="33.988" errors="0" timestamp="2024-05-30T10:06:24 IST" skipped="0">
  <testcase classname="regression.ValidateLogin" name="validateLoginTC4" time="7.707"/>
  <testcase classname="regression.ValidateLogin" name="validateLoginTC1" time="11.184"/>
  <testcase classname="regression.ValidateLogin" name="validateLoginTC2" time="7.468"/>
  <testcase classname="regression.ValidateLogin" name="validateLoginTC3" time="7.629"/>
</testsuite> <!-- regression.ValidateLogin -->
