<?xml version="1.0" encoding="UTF-8"?>
<!-- Generated by org.testng.reporters.JUnitReportReporter -->
<testsuite hostname="LAPTOP-GAUPM6CM" failures="0" tests="4" name="regression.ValidateLogin" time="32.057" errors="0" timestamp="2024-05-28T21:29:11 IST" skipped="0">
  <testcase classname="regression.ValidateLogin" name="validateLoginTC1" time="7.207"/>
  <testcase classname="regression.ValidateLogin" name="validateLoginTC4" time="7.202"/>
  <testcase classname="regression.ValidateLogin" name="validateLoginTC3" time="10.641"/>
  <testcase classname="regression.ValidateLogin" name="validateLoginTC2" time="7.007"/>
</testsuite> <!-- regression.ValidateLogin -->
