<?xml version="1.0" encoding="UTF-8"?>
<!-- Generated by org.testng.reporters.JUnitReportReporter -->
<testsuite hostname="LAPTOP-GAUPM6CM" failures="0" tests="4" name="regression.ValidateLoginUsingDataProvider" time="38.356" errors="0" timestamp="2024-05-28T21:38:54 IST" skipped="0">
  <testcase classname="regression.ValidateLoginUsingDataProvider" name="validateLoginTC1" time="12.542"/>
  <testcase classname="regression.ValidateLoginUsingDataProvider" name="validateLoginTC1" time="8.401"/>
  <testcase classname="regression.ValidateLoginUsingDataProvider" name="validateLoginTC1" time="10.156"/>
  <testcase classname="regression.ValidateLoginUsingDataProvider" name="validateLoginTC1" time="7.257"/>
</testsuite> <!-- regression.ValidateLoginUsingDataProvider -->
