<?xml version="1.0" encoding="UTF-8"?>
<!-- Generated by org.testng.reporters.JUnitReportReporter -->
<testsuite hostname="LAPTOP-GAUPM6CM" failures="0" tests="1" name="regression.ValidateLoginUsingKeywordsExcel" time="6.778" errors="0" timestamp="2024-05-30T21:35:49 IST" skipped="0">
  <testcase classname="regression.ValidateLoginUsingKeywordsExcel" name="validateLoginTest" time="6.778"/>
</testsuite> <!-- regression.ValidateLoginUsingKeywordsExcel -->
