<?xml version="1.0" encoding="UTF-8"?>
<!-- Generated by org.testng.reporters.JUnitReportReporter -->
<testsuite hostname="LAPTOP-GAUPM6CM" failures="0" tests="1" name="regression.ValidateLoginUsingKeywords" time="8.987" errors="0" timestamp="2024-05-30T21:31:57 IST" skipped="0">
  <testcase classname="regression.ValidateLoginUsingKeywords" name="validateLoginTest" time="8.987"/>
</testsuite> <!-- regression.ValidateLoginUsingKeywords -->
