<?xml version="1.0" encoding="UTF-8"?>
<!-- Generated by org.testng.reporters.JUnitReportReporter -->
<testsuite hostname="LAPTOP-GAUPM6CM" failures="0" tests="2" name="may30th.ValidateRegistration" time="0.005" errors="0" timestamp="2024-05-30T21:02:31 IST" skipped="0">
  <testcase classname="may30th.ValidateRegistration" name="tc3" time="0.003"/>
  <testcase classname="may30th.ValidateRegistration" name="tc4" time="0.002"/>
</testsuite> <!-- may30th.ValidateRegistration -->
